<?xml version="1.0" encoding="UTF-8"?>
<!-- Generated by org.testng.reporters.JUnitReportReporter -->
<testsuite skipped="1" hostname="BLTSP02255" name="com.Finale_CRM.tests.ContactsPageTest" tests="1" failures="0" timestamp="05 Nov 2019 07:35:43 GMT" time="0.000" errors="0">
  <testcase name="enterContactsDetailsTest" time="0.000" classname="com.Finale_CRM.tests.ContactsPageTest">
    <skipped/>
  </testcase> <!-- enterContactsDetailsTest -->
</testsuite> <!-- com.Finale_CRM.tests.ContactsPageTest -->
