<?xml version="1.0" encoding="UTF-8"?>
<!-- Generated by org.testng.reporters.JUnitReportReporter -->
<testsuite skipped="0" hostname="BLTSP02255" name="com.Finale_CRM.tests.HomePageTest" tests="1" failures="0" timestamp="05 Nov 2019 05:57:57 GMT" time="32.974" errors="0">
  <testcase name="clickOnContactsTest" time="32.974" classname="com.Finale_CRM.tests.HomePageTest"/>
</testsuite> <!-- com.Finale_CRM.tests.HomePageTest -->
